#
# There is insufficient memory for the Java Runtime Environment to continue.
# Native memory allocation (mmap) failed to map 132120576 bytes. Error detail: G1 virtual space
# Possible reasons:
#   The system is out of physical RAM or swap space
#   This process is running with CompressedOops enabled, and the Java Heap may be blocking the growth of the native heap
# Possible solutions:
#   Reduce memory load on the system
#   Increase physical memory or swap space
#   Check if swap backing store is full
#   Decrease Java heap size (-Xmx/-Xms)
#   Decrease number of Java threads
#   Decrease Java thread stack sizes (-Xss)
#   Set larger code cache with -XX:ReservedCodeCacheSize=
#   JVM is running with Unscaled Compressed Oops mode in which the Java heap is
#     placed in the first 4GB address space. The Java Heap base address is the
#     maximum limit for the native heap growth. Please use -XX:HeapBaseMinAddress
#     to set the Java Heap base and to place the Java Heap above 4GB virtual address.
# This output file may be truncated or incomplete.
#
#  Out of Memory Error (os_windows.cpp:3828), pid=16540, tid=15080
#
# JRE version:  (21.0.5+8) (build )
# Java VM: OpenJDK 64-Bit Server VM (21.0.5+8-b631.28, mixed mode, sharing, tiered, compressed oops, compressed class ptrs, g1 gc, windows-amd64)
# No core dump will be written. Minidumps are not enabled by default on client versions of Windows
#

---------------  S U M M A R Y ------------

Command Line: git4idea.http.GitAskPassApp Username for 'https://github.com': 

Host: Intel(R) Core(TM) i5-10300H CPU @ 2.50GHz, 8 cores, 7G,  Windows 11 , 64 bit Build 26100 (10.0.26100.3912)
Time: Fri May 23 11:22:21 2025 Hora estándar central (México) elapsed time: 1.475935 seconds (0d 0h 0m 1s)

---------------  T H R E A D  ---------------

Current thread (0x000001aa9aa8f450):  JavaThread "Unknown thread" [_thread_in_vm, id=15080, stack(0x0000001f29300000,0x0000001f29400000) (1024K)]

Stack: [0x0000001f29300000,0x0000001f29400000]
Native frames: (J=compiled Java code, j=interpreted, Vv=VM code, C=native code)
V  [jvm.dll+0x6e52b9]
V  [jvm.dll+0x8c3633]
V  [jvm.dll+0x8c5b8e]
V  [jvm.dll+0x8c6273]
V  [jvm.dll+0x288f46]
V  [jvm.dll+0x6e1a35]
V  [jvm.dll+0x6d5e3a]
V  [jvm.dll+0x3634bb]
V  [jvm.dll+0x36b086]
V  [jvm.dll+0x3bd346]
V  [jvm.dll+0x3bd618]
V  [jvm.dll+0x335c2c]
V  [jvm.dll+0x33691b]
V  [jvm.dll+0x88aa89]
V  [jvm.dll+0x3ca518]
V  [jvm.dll+0x873b98]
V  [jvm.dll+0x45eede]
V  [jvm.dll+0x460bc1]
C  [jli.dll+0x52ab]
C  [ucrtbase.dll+0x37b0]
C  [KERNEL32.DLL+0x2e8d7]
C  [ntdll.dll+0x9c5dc]


---------------  P R O C E S S  ---------------

Threads class SMR info:
_java_thread_list=0x00007ffa7f91a148, length=0, elements={
}

Java Threads: ( => current thread )
Total: 0

Other Threads:
  0x000001aa9aae0bf0 WorkerThread "GC Thread#0"                     [id=25380, stack(0x0000001f29400000,0x0000001f29500000) (1024K)]
  0x000001aa9aaf22a0 ConcurrentGCThread "G1 Main Marker"            [id=26300, stack(0x0000001f29500000,0x0000001f29600000) (1024K)]
  0x000001aa9aaf3540 WorkerThread "G1 Conc#0"                       [id=23704, stack(0x0000001f29600000,0x0000001f29700000) (1024K)]

[error occurred during error reporting (printing all threads), id 0xc0000005, EXCEPTION_ACCESS_VIOLATION (0xc0000005) at pc=0x00007ffa7f008ce7]
VM state: not at safepoint (not fully initialized)

VM Mutex/Monitor currently owned by a thread:  ([mutex/lock_event])
[0x00007ffa7f98eb30] Heap_lock - owner thread: 0x000001aa9aa8f450

Heap address: 0x0000000083600000, size: 1994 MB, Compressed Oops mode: 32-bit

CDS archive(s) mapped at: [0x0000000000000000-0x0000000000000000-0x0000000000000000), size 0, SharedBaseAddress: 0x0000000800000000, ArchiveRelocationMode: 1.
Narrow klass base: 0x0000000000000000, Narrow klass shift: 0, Narrow klass range: 0x0

GC Precious Log:
 CardTable entry size: 512
 Card Set container configuration: InlinePtr #cards 5 size 8 Array Of Cards #cards 12 size 40 Howl #buckets 4 coarsen threshold 1843 Howl Bitmap #cards 512 size 80 coarsen threshold 460 Card regions per heap region 1 cards per card region 2048

Heap:
 garbage-first heap   total 0K, used 0K [0x0000000083600000, 0x0000000100000000)
  region size 1024K, 0 young (0K), 0 survivors (0K)
 Metaspace       used 0K, committed 0K, reserved 0K
  class space    used 0K, committed 0K, reserved 0K

Heap Regions: E=young(eden), S=young(survivor), O=old, HS=humongous(starts), HC=humongous(continues), CS=collection set, F=free, TAMS=top-at-mark-start, PB=parsable bottom

Card table byte_map: [0x000001aaae140000,0x000001aaae530000] _byte_map_base: 0x000001aaadd25000

Marking Bits: (CMBitMap*) 0x000001aa9aae1200
 Bits: [0x000001aaae530000, 0x000001aab0458000)

GC Heap History (0 events):
No events

Dll operation events (1 events):
Event: 0.011 Loaded shared library C:\Program Files\JetBrains\IntelliJ IDEA Community Edition 2024.3.1\jbr\bin\java.dll

Deoptimization events (0 events):
No events

Classes loaded (0 events):
No events

Classes unloaded (0 events):
No events

Classes redefined (0 events):
No events

Internal exceptions (0 events):
No events

ZGC Phase Switch (0 events):
No events

VM Operations (0 events):
No events

Memory protections (0 events):
No events

Nmethod flushes (0 events):
No events

Events (0 events):
No events


Dynamic libraries:
0x00007ff7e9990000 - 0x00007ff7e999a000 	C:\Program Files\JetBrains\IntelliJ IDEA Community Edition 2024.3.1\jbr\bin\java.exe
0x00007ffaff5a0000 - 0x00007ffaff806000 	C:\WINDOWS\SYSTEM32\ntdll.dll
0x00007ffafe9f0000 - 0x00007ffafeab9000 	C:\WINDOWS\System32\KERNEL32.DLL
0x00007ffafcb60000 - 0x00007ffafcf2c000 	C:\WINDOWS\System32\KERNELBASE.dll
0x00007ffafc8a0000 - 0x00007ffafc9eb000 	C:\WINDOWS\System32\ucrtbase.dll
0x00007ffae4f50000 - 0x00007ffae4f68000 	C:\Program Files\JetBrains\IntelliJ IDEA Community Edition 2024.3.1\jbr\bin\jli.dll
0x00007ffaeaaf0000 - 0x00007ffaeab0b000 	C:\Program Files\JetBrains\IntelliJ IDEA Community Edition 2024.3.1\jbr\bin\VCRUNTIME140.dll
0x00007ffafdc30000 - 0x00007ffafddfa000 	C:\WINDOWS\System32\USER32.dll
0x00007ffafc9f0000 - 0x00007ffafca17000 	C:\WINDOWS\System32\win32u.dll
0x00007ffafe370000 - 0x00007ffafe39b000 	C:\WINDOWS\System32\GDI32.dll
0x00007ffade590000 - 0x00007ffade82a000 	C:\WINDOWS\WinSxS\amd64_microsoft.windows.common-controls_6595b64144ccf1df_6.0.26100.3912_none_3e07963ce335137e\COMCTL32.dll
0x00007ffafca20000 - 0x00007ffafcb52000 	C:\WINDOWS\System32\gdi32full.dll
0x00007ffaff260000 - 0x00007ffaff309000 	C:\WINDOWS\System32\msvcrt.dll
0x00007ffafc730000 - 0x00007ffafc7d3000 	C:\WINDOWS\System32\msvcp_win.dll
0x00007ffaff160000 - 0x00007ffaff190000 	C:\WINDOWS\System32\IMM32.DLL
0x00007ffaf74d0000 - 0x00007ffaf74dc000 	C:\Program Files\JetBrains\IntelliJ IDEA Community Edition 2024.3.1\jbr\bin\vcruntime140_1.dll
0x00007ffaa8770000 - 0x00007ffaa87fd000 	C:\Program Files\JetBrains\IntelliJ IDEA Community Edition 2024.3.1\jbr\bin\msvcp140.dll
0x00007ffa7ecc0000 - 0x00007ffa7fa81000 	C:\Program Files\JetBrains\IntelliJ IDEA Community Edition 2024.3.1\jbr\bin\server\jvm.dll
0x00007ffafeac0000 - 0x00007ffafeb72000 	C:\WINDOWS\System32\ADVAPI32.dll
0x00007ffaff1b0000 - 0x00007ffaff256000 	C:\WINDOWS\System32\sechost.dll
0x00007ffafe8b0000 - 0x00007ffafe9c6000 	C:\WINDOWS\System32\RPCRT4.dll
0x00007ffaff0d0000 - 0x00007ffaff144000 	C:\WINDOWS\System32\WS2_32.dll
0x00007ffafb890000 - 0x00007ffafb8ee000 	C:\WINDOWS\SYSTEM32\POWRPROF.dll
0x00007ffae69c0000 - 0x00007ffae69f6000 	C:\WINDOWS\SYSTEM32\WINMM.dll
0x00007ffaf5dc0000 - 0x00007ffaf5dcb000 	C:\WINDOWS\SYSTEM32\VERSION.dll
0x00007ffafb820000 - 0x00007ffafb834000 	C:\WINDOWS\SYSTEM32\UMPDC.dll
0x00007ffafb4f0000 - 0x00007ffafb50a000 	C:\WINDOWS\SYSTEM32\kernel.appcore.dll
0x00007ffaf7430000 - 0x00007ffaf743a000 	C:\Program Files\JetBrains\IntelliJ IDEA Community Edition 2024.3.1\jbr\bin\jimage.dll
0x00007ffaf9e70000 - 0x00007ffafa0b1000 	C:\WINDOWS\SYSTEM32\DBGHELP.DLL
0x00007ffafec00000 - 0x00007ffafef84000 	C:\WINDOWS\System32\combase.dll
0x00007ffafef90000 - 0x00007ffaff070000 	C:\WINDOWS\System32\OLEAUT32.dll
0x00007ffad82f0000 - 0x00007ffad8329000 	C:\WINDOWS\SYSTEM32\dbgcore.DLL
0x00007ffafd0b0000 - 0x00007ffafd149000 	C:\WINDOWS\System32\bcryptPrimitives.dll
0x00007ffae2550000 - 0x00007ffae2570000 	C:\Program Files\JetBrains\IntelliJ IDEA Community Edition 2024.3.1\jbr\bin\java.dll

dbghelp: loaded successfully - version: 4.0.5 - missing functions: none
symbol engine: initialized successfully - sym options: 0x614 - pdb path: .;C:\Program Files\JetBrains\IntelliJ IDEA Community Edition 2024.3.1\jbr\bin;C:\WINDOWS\SYSTEM32;C:\WINDOWS\WinSxS\amd64_microsoft.windows.common-controls_6595b64144ccf1df_6.0.26100.3912_none_3e07963ce335137e;C:\Program Files\JetBrains\IntelliJ IDEA Community Edition 2024.3.1\jbr\bin\server

VM Arguments:
java_command: git4idea.http.GitAskPassApp Username for 'https://github.com': 
java_class_path (initial): C:/Program Files/JetBrains/IntelliJ IDEA Community Edition 2024.3.1/plugins/vcs-git/lib/git4idea-rt.jar;C:/Program Files/JetBrains/IntelliJ IDEA Community Edition 2024.3.1/lib/externalProcess-rt.jar
Launcher Type: SUN_STANDARD

[Global flags]
     intx CICompilerCount                          = 4                                         {product} {ergonomic}
     uint ConcGCThreads                            = 2                                         {product} {ergonomic}
     uint G1ConcRefinementThreads                  = 8                                         {product} {ergonomic}
   size_t G1HeapRegionSize                         = 1048576                                   {product} {ergonomic}
    uintx GCDrainStackTargetSize                   = 64                                        {product} {ergonomic}
   size_t InitialHeapSize                          = 132120576                                 {product} {ergonomic}
   size_t MarkStackSize                            = 4194304                                   {product} {ergonomic}
   size_t MaxHeapSize                              = 2090860544                                {product} {ergonomic}
   size_t MinHeapDeltaBytes                        = 1048576                                   {product} {ergonomic}
   size_t MinHeapSize                              = 8388608                                   {product} {ergonomic}
    uintx NonNMethodCodeHeapSize                   = 5839372                                {pd product} {ergonomic}
    uintx NonProfiledCodeHeapSize                  = 122909434                              {pd product} {ergonomic}
    uintx ProfiledCodeHeapSize                     = 122909434                              {pd product} {ergonomic}
    uintx ReservedCodeCacheSize                    = 251658240                              {pd product} {ergonomic}
     bool SegmentedCodeCache                       = true                                      {product} {ergonomic}
   size_t SoftMaxHeapSize                          = 2090860544                             {manageable} {ergonomic}
     bool UseCompressedOops                        = true                           {product lp64_product} {ergonomic}
     bool UseG1GC                                  = true                                      {product} {ergonomic}
     bool UseLargePagesIndividualAllocation        = false                                  {pd product} {ergonomic}

Logging:
Log output configuration:
 #0: stdout all=warning uptime,level,tags foldmultilines=false
 #1: stderr all=off uptime,level,tags foldmultilines=false

Environment Variables:
PATH=C:\Program Files\Git\mingw64\libexec\git-core;C:\Program Files\Git\mingw64\libexec\git-core;C:\Program Files\Git\mingw64\bin;C:\Program Files\Git\usr\bin;C:\Users\fave6\bin;C:\Program Files\Eclipse Adoptium\jdk-21.0.6.7-hotspot\bin;C:\Program Files (x86)\Common Files\Oracle\Java\java8path;C:\Program Files (x86)\Common Files\Oracle\Java\javapath;C:\Program Files\Common Files\Oracle\Java\javapat;C:\Program Files\Java\jdk-22\bin";C:\windows\system32;C:\windows;C:\windows\System32\Wbem;C:\windows\System32\WindowsPowerShell\v1.0;C:\windows\System32\OpenSSH;C:\WINDOWS\system32;C:\WINDOWS;C:\WINDOWS\System32\Wbem;C:\WINDOWS\System32\WindowsPowerShell\v1.0;C:\WINDOWS\System32\OpenSSH;C:\Program Files\dotnet;C:\Program Files\HP\HP One Agent;C:\Program Files (x86)\GnuPG\bin;C:\Program Files (x86)\NVIDIA Corporation\PhysX\Common;C:\Program Files\NVIDIA Corporation\NVIDIA app\NvDLISR;C:\WINDOWS\system32;C:\WINDOWS;C:\WINDOWS\System32\Wbem;C:\WINDOWS\System32\WindowsPowerShell\v1.0;C:\WINDOWS\System32\OpenSSH;C:\Program Files\Git\cmd;C:\ProgramData\chocolatey\bin;C:\ProgramData\chocolatey\lib\maven\apache-maven-3.9.9\bin;C:\Program Files\MySQL\MySQL Shell 8.0\bin;C:\Users\fave6\AppData\Local\Programs\Python\Python311\Scripts;C:\Users\fave6\AppData\Local\Programs\Python\Python311;C:\Users\fave6\AppData\Local\Microsoft\WindowsApps;C:\Program Files (x86)\WiX Toolset v3.11\bin
USERNAME=fave6
DISPLAY=:0.0
LC_ALL=en_US.UTF-8
TERM=xterm-256color
TMPDIR=C:\Users\fave6\AppData\Local\Temp
OS=Windows_NT
PROCESSOR_IDENTIFIER=Intel64 Family 6 Model 165 Stepping 2, GenuineIntel
TMP=C:\Users\fave6\AppData\Local\Temp
TEMP=C:\Users\fave6\AppData\Local\Temp




Periodic native trim disabled

JNI global refs:
JNI global refs: 0, weak refs: 0

JNI global refs memory usage: 0, weak refs: 0

Process memory usage:
Resident Set Size: 12244K (0% of 8159348K total physical memory with 1302636K free physical memory)

OOME stack traces (most recent first):
Classloader memory used:

---------------  S Y S T E M  ---------------

OS:
 Windows 11 , 64 bit Build 26100 (10.0.26100.3912)
OS uptime: 14 days 11:58 hours

CPU: total 8 (initial active 8) (4 cores per cpu, 2 threads per core) family 6 model 165 stepping 2 microcode 0xfc, cx8, cmov, fxsr, ht, mmx, 3dnowpref, sse, sse2, sse3, ssse3, sse4.1, sse4.2, popcnt, lzcnt, tsc, tscinvbit, avx, avx2, aes, erms, clmul, bmi1, bmi2, adx, fma, vzeroupper, clflush, clflushopt, rdtscp, f16c, pku
Processor Information for all 8 processors :
  Max Mhz: 2496, Current Mhz: 2496, Mhz Limit: 2496

Memory: 4k page, system-wide physical 7968M (1272M free)
TotalPageFile size 12064M (AvailPageFile size 164M)
current process WorkingSet (physical memory assigned to process): 11M, peak: 11M
current process commit charge ("private bytes"): 60M, peak: 186M

vm_info: OpenJDK 64-Bit Server VM (21.0.5+8-b631.28) for windows-amd64 JRE (21.0.5+8-b631.28), built on 2024-11-23 by "builduser" with MS VC++ 16.10 / 16.11 (VS2019)

END.
